GET /trades 200 : response-time ms - Sun Jun 02 2024 15:50:13 GMT+0530 (India Standard Time)
GET /trades 200 : response-time ms - Sun Jun 02 2024 15:55:43 GMT+0530 (India Standard Time)
GET /trades 200 : response-time ms - Sun Jun 02 2024 15:55:43 GMT+0530 (India Standard Time)
GET /trades 200 : response-time ms - Sun Jun 02 2024 15:56:13 GMT+0530 (India Standard Time)
POST /trades 201 : response-time ms - Sun Jun 02 2024 16:03:19 GMT+0530 (India Standard Time)
GET /trades 200 : response-time ms - Sun Jun 02 2024 16:03:30 GMT+0530 (India Standard Time)
GET /trades 200 : response-time ms - Sun Jun 02 2024 16:03:32 GMT+0530 (India Standard Time)
GET /trades 200 : response-time ms - Sun Jun 02 2024 16:03:32 GMT+0530 (India Standard Time)
GET /trades 200 : response-time ms - Sun Jun 02 2024 16:03:33 GMT+0530 (India Standard Time)
GET /trades 200 : response-time ms - Sun Jun 02 2024 16:03:33 GMT+0530 (India Standard Time)
GET /trades 200 : response-time ms - Sun Jun 02 2024 16:03:33 GMT+0530 (India Standard Time)
GET /trades 200 : response-time ms - Sun Jun 02 2024 16:03:33 GMT+0530 (India Standard Time)
GET /trades 200 : response-time ms - Sun Jun 02 2024 16:03:34 GMT+0530 (India Standard Time)
GET /trades 200 : response-time ms - Sun Jun 02 2024 16:03:34 GMT+0530 (India Standard Time)
GET /trades 200 : response-time ms - Sun Jun 02 2024 16:03:34 GMT+0530 (India Standard Time)
GET /trades 200 : response-time ms - Sun Jun 02 2024 16:03:34 GMT+0530 (India Standard Time)
GET /trades 200 : response-time ms - Sun Jun 02 2024 16:04:03 GMT+0530 (India Standard Time)
GET /trades 200 : response-time ms - Sun Jun 02 2024 16:04:03 GMT+0530 (India Standard Time)
GET /trades 200 : response-time ms - Sun Jun 02 2024 16:04:03 GMT+0530 (India Standard Time)
GET /trades 200 : response-time ms - Sun Jun 02 2024 16:04:04 GMT+0530 (India Standard Time)
POST /trades 201 : response-time ms - Sun Jun 02 2024 16:04:54 GMT+0530 (India Standard Time)
GET /trades 200 : response-time ms - Sun Jun 02 2024 16:05:05 GMT+0530 (India Standard Time)
GET /trades 200 : response-time ms - Sun Jun 02 2024 16:05:06 GMT+0530 (India Standard Time)
GET /trades 200 : response-time ms - Sun Jun 02 2024 16:05:06 GMT+0530 (India Standard Time)
GET /trades 200 : response-time ms - Sun Jun 02 2024 16:05:06 GMT+0530 (India Standard Time)
GET /trades 200 : response-time ms - Sun Jun 02 2024 16:05:07 GMT+0530 (India Standard Time)
GET /trades 200 : response-time ms - Sun Jun 02 2024 16:06:10 GMT+0530 (India Standard Time)
GET /trades 200 : response-time ms - Sun Jun 02 2024 16:07:58 GMT+0530 (India Standard Time)
POST /trades 201 : response-time ms - Sun Jun 02 2024 16:08:12 GMT+0530 (India Standard Time)
GET /trades 200 : response-time ms - Sun Jun 02 2024 16:08:24 GMT+0530 (India Standard Time)
GET /trades 200 : response-time ms - Sun Jun 02 2024 16:08:25 GMT+0530 (India Standard Time)
GET /trades 200 : response-time ms - Sun Jun 02 2024 16:08:25 GMT+0530 (India Standard Time)
GET /trades 200 : response-time ms - Sun Jun 02 2024 16:08:25 GMT+0530 (India Standard Time)
POST /trades 400 : response-time ms - Sun Jun 02 2024 16:09:43 GMT+0530 (India Standard Time)
POST /trades 201 : response-time ms - Sun Jun 02 2024 16:09:50 GMT+0530 (India Standard Time)
GET /trades 200 : response-time ms - Sun Jun 02 2024 16:09:59 GMT+0530 (India Standard Time)
GET /trades 200 : response-time ms - Sun Jun 02 2024 16:09:59 GMT+0530 (India Standard Time)
GET /trades 200 : response-time ms - Sun Jun 02 2024 16:09:59 GMT+0530 (India Standard Time)
GET /trades 200 : response-time ms - Sun Jun 02 2024 16:09:59 GMT+0530 (India Standard Time)
GET /trades 200 : response-time ms - Sun Jun 02 2024 16:09:59 GMT+0530 (India Standard Time)
GET /trades 200 : response-time ms - Sun Jun 02 2024 16:10:00 GMT+0530 (India Standard Time)
GET /trades 200 : response-time ms - Sun Jun 02 2024 16:11:51 GMT+0530 (India Standard Time)
GET /trades 200 : response-time ms - Sun Jun 02 2024 16:11:51 GMT+0530 (India Standard Time)
GET /trades 200 : response-time ms - Sun Jun 02 2024 16:15:12 GMT+0530 (India Standard Time)
GET /trades 304 : response-time ms - Sun Jun 02 2024 16:15:13 GMT+0530 (India Standard Time)
GET /trades 304 : response-time ms - Sun Jun 02 2024 16:15:13 GMT+0530 (India Standard Time)
GET /trades 304 : response-time ms - Sun Jun 02 2024 16:15:14 GMT+0530 (India Standard Time)
POST /trades 201 : response-time ms - Sun Jun 02 2024 16:19:00 GMT+0530 (India Standard Time)
GET /trades 200 : response-time ms - Sun Jun 02 2024 16:19:07 GMT+0530 (India Standard Time)
POST /trades 400 : response-time ms - Sun Jun 02 2024 16:19:12 GMT+0530 (India Standard Time)
GET /trades/1 200 : response-time ms - Sun Jun 02 2024 16:22:25 GMT+0530 (India Standard Time)
GET /trades/1 - : response-time ms - Sun Jun 02 2024 16:28:01 GMT+0530 (India Standard Time)
GET /trades 304 : response-time ms - Sun Jun 02 2024 16:28:05 GMT+0530 (India Standard Time)
GET /trades/1 500 : response-time ms - Sun Jun 02 2024 16:30:53 GMT+0530 (India Standard Time)
GET /trades/1 500 : response-time ms - Sun Jun 02 2024 16:31:52 GMT+0530 (India Standard Time)
GET /trades/1 500 : response-time ms - Sun Jun 02 2024 16:31:53 GMT+0530 (India Standard Time)
GET /trades/1 500 : response-time ms - Sun Jun 02 2024 16:32:01 GMT+0530 (India Standard Time)
GET /trades/3 500 : response-time ms - Sun Jun 02 2024 16:32:28 GMT+0530 (India Standard Time)
GET /trades/3 500 : response-time ms - Sun Jun 02 2024 16:32:30 GMT+0530 (India Standard Time)
GET /trades/3 500 : response-time ms - Sun Jun 02 2024 16:32:30 GMT+0530 (India Standard Time)
GET /trades/3 200 : response-time ms - Sun Jun 02 2024 16:34:21 GMT+0530 (India Standard Time)
GET /trades/2 200 : response-time ms - Sun Jun 02 2024 16:34:25 GMT+0530 (India Standard Time)
PATCH /trades 404 : response-time ms - Sun Jun 02 2024 16:41:50 GMT+0530 (India Standard Time)
DELETE /trades 404 : response-time ms - Sun Jun 02 2024 16:48:50 GMT+0530 (India Standard Time)
DELETE /trades/:id 200 : response-time ms - Sun Jun 02 2024 16:49:59 GMT+0530 (India Standard Time)
GET /trades/2 500 : response-time ms - Sun Jun 02 2024 16:50:12 GMT+0530 (India Standard Time)
GET /trades 200 : response-time ms - Sun Jun 02 2024 16:50:14 GMT+0530 (India Standard Time)
GET /trades 200 : response-time ms - Sun Jun 02 2024 16:51:21 GMT+0530 (India Standard Time)
GET /trades/2 200 : response-time ms - Sun Jun 02 2024 16:51:24 GMT+0530 (India Standard Time)
GET /trades/3 304 : response-time ms - Sun Jun 02 2024 16:51:27 GMT+0530 (India Standard Time)
GET /trades 304 : response-time ms - Sun Jun 02 2024 16:51:32 GMT+0530 (India Standard Time)
DELETE /trades/2 200 : response-time ms - Sun Jun 02 2024 16:52:16 GMT+0530 (India Standard Time)
GET /trades 200 : response-time ms - Sun Jun 02 2024 16:52:20 GMT+0530 (India Standard Time)
GET /trades 304 : response-time ms - Sun Jun 02 2024 16:52:22 GMT+0530 (India Standard Time)
GET /trades 304 : response-time ms - Sun Jun 02 2024 16:52:22 GMT+0530 (India Standard Time)
GET /trades 304 : response-time ms - Sun Jun 02 2024 16:52:22 GMT+0530 (India Standard Time)
DELETE /trades/1 200 : response-time ms - Sun Jun 02 2024 16:52:32 GMT+0530 (India Standard Time)
GET /trades 200 : response-time ms - Sun Jun 02 2024 16:52:35 GMT+0530 (India Standard Time)
GET /trades 304 : response-time ms - Sun Jun 02 2024 16:52:36 GMT+0530 (India Standard Time)
GET /trades 304 : response-time ms - Sun Jun 02 2024 16:52:36 GMT+0530 (India Standard Time)
GET /trades 304 : response-time ms - Sun Jun 02 2024 16:52:36 GMT+0530 (India Standard Time)
GET /trades 304 : response-time ms - Sun Jun 02 2024 16:52:36 GMT+0530 (India Standard Time)
GET /trades 304 : response-time ms - Sun Jun 02 2024 16:52:36 GMT+0530 (India Standard Time)
GET /trades 304 : response-time ms - Sun Jun 02 2024 16:52:36 GMT+0530 (India Standard Time)
DELETE /trades/1 200 : response-time ms - Sun Jun 02 2024 16:52:47 GMT+0530 (India Standard Time)
DELETE /trades/1 200 : response-time ms - Sun Jun 02 2024 16:53:07 GMT+0530 (India Standard Time)
DELETE /trades/1 200 : response-time ms - Sun Jun 02 2024 16:53:44 GMT+0530 (India Standard Time)
GET /trades 200 : response-time ms - Sun Jun 02 2024 16:53:48 GMT+0530 (India Standard Time)
GET /trades 200 : response-time ms - Sun Jun 02 2024 16:53:58 GMT+0530 (India Standard Time)
GET /trades 304 : response-time ms - Sun Jun 02 2024 17:02:20 GMT+0530 (India Standard Time)
PATCH /trades/2 200 : response-time ms - Sun Jun 02 2024 17:15:27 GMT+0530 (India Standard Time)
